<?xml version="1.0" encoding="UTF-8"?>
<!-- Generated by org.testng.reporters.JUnitReportReporter -->
<testsuite skipped="0" hostname="DESKTOP-DAPEO3T" name="com.test.InvocationCountTest" tests="10" failures="0" timestamp="09 Jul 2018 08:06:45 GMT" time="0.114" errors="0">
  <testcase name="sum" time="0.008" classname="com.test.InvocationCountTest"/>
  <testcase name="sum" time="0.015" classname="com.test.InvocationCountTest"/>
  <testcase name="sum" time="0.012" classname="com.test.InvocationCountTest"/>
  <testcase name="sum" time="0.016" classname="com.test.InvocationCountTest"/>
  <testcase name="sum" time="0.000" classname="com.test.InvocationCountTest"/>
  <testcase name="sum" time="0.016" classname="com.test.InvocationCountTest"/>
  <testcase name="sum" time="0.016" classname="com.test.InvocationCountTest"/>
  <testcase name="sum" time="0.015" classname="com.test.InvocationCountTest"/>
  <testcase name="sum" time="0.016" classname="com.test.InvocationCountTest"/>
  <testcase name="sum" time="0.000" classname="com.test.InvocationCountTest"/>
</testsuite> <!-- com.test.InvocationCountTest -->
