<?xml version="1.0" encoding="UTF-8"?>
<!-- Generated by org.testng.reporters.JUnitReportReporter -->
<testsuite skipped="0" hostname="DESKTOP-DAPEO3T" name="com.datadriven.test.EbayTest" tests="5" failures="0" timestamp="09 Jul 2018 08:35:03 GMT" time="74.877" errors="0">
  <testcase name="EbayRegPageTest" time="13.485" classname="com.datadriven.test.EbayTest"/>
  <testcase name="EbayRegPageTest" time="12.751" classname="com.datadriven.test.EbayTest"/>
  <testcase name="EbayRegPageTest" time="15.640" classname="com.datadriven.test.EbayTest"/>
  <testcase name="EbayRegPageTest" time="17.989" classname="com.datadriven.test.EbayTest"/>
  <testcase name="EbayRegPageTest" time="15.012" classname="com.datadriven.test.EbayTest"/>
</testsuite> <!-- com.datadriven.test.EbayTest -->
