<?xml version="1.0" encoding="UTF-8"?>
<!-- Generated by org.testng.reporters.JUnitReportReporter -->
<testsuite skipped="0" hostname="DESKTOP-DAPEO3T" name="com.parameters.ParameterTest" tests="1" failures="0" timestamp="03 Jul 2018 12:50:31 GMT" time="19.389" errors="0">
  <testcase name="yahooLoginTest" time="19.389" classname="com.parameters.ParameterTest"/>
</testsuite> <!-- com.parameters.ParameterTest -->
