<?xml version="1.0" encoding="UTF-8"?>
<!-- Generated by org.testng.reporters.JUnitReportReporter -->
<testsuite skipped="0" hostname="DESKTOP-DAPEO3T" name="com.Selinium.Sessions.KeyPressEvent" tests="1" failures="0" timestamp="14 Jul 2018 09:27:52 GMT" time="19.427" errors="0">
  <testcase name="KeyEventTest" time="19.427" classname="com.Selinium.Sessions.KeyPressEvent"/>
</testsuite> <!-- com.Selinium.Sessions.KeyPressEvent -->
