<?xml version="1.0" encoding="UTF-8"?>
<!-- Generated by org.testng.reporters.JUnitReportReporter -->
<testsuite skipped="0" hostname="DESKTOP-DAPEO3T" name="com.test.TestngBasics" tests="3" failures="0" timestamp="25 Jun 2018 11:09:15 GMT" time="0.024" errors="0">
  <testcase name="googleTitleTest" time="0.002" classname="com.test.TestngBasics"/>
  <testcase name="googleLogoText" time="0.009" classname="com.test.TestngBasics"/>
  <testcase name="searchUrl" time="0.013" classname="com.test.TestngBasics"/>
</testsuite> <!-- com.test.TestngBasics -->
